<?xml version="1.0" encoding="UTF-8"?>
<testng-results skipped="0" failed="0" ignored="0" total="1" passed="1">
  <reporter-output>
  </reporter-output>
  <suite name="Suite" duration-ms="7740" started-at="2021-02-26T22:26:49 IST" finished-at="2021-02-26T22:26:56 IST">
    <groups>
    </groups>
    <test name="Test" duration-ms="7740" started-at="2021-02-26T22:26:49 IST" finished-at="2021-02-26T22:26:56 IST">
      <class name="cycle.Sample">
        <test-method status="PASS" signature="inialize()[pri:0, instance:cycle.Sample@25bbe1b6]" name="inialize" is-config="true" duration-ms="4301" started-at="2021-02-26T22:26:49 IST" finished-at="2021-02-26T22:26:53 IST">
          <reporter-output>
          </reporter-output>
        </test-method> <!-- inialize -->
        <test-method status="PASS" signature="sampleTest()[pri:0, instance:cycle.Sample@25bbe1b6]" name="sampleTest" duration-ms="2565" started-at="2021-02-26T22:26:53 IST" finished-at="2021-02-26T22:26:56 IST">
          <reporter-output>
          </reporter-output>
        </test-method> <!-- sampleTest -->
        <test-method status="PASS" signature="tearDown()[pri:0, instance:cycle.Sample@25bbe1b6]" name="tearDown" is-config="true" duration-ms="801" started-at="2021-02-26T22:26:56 IST" finished-at="2021-02-26T22:26:56 IST">
          <reporter-output>
          </reporter-output>
        </test-method> <!-- tearDown -->
      </class> <!-- cycle.Sample -->
    </test> <!-- Test -->
  </suite> <!-- Suite -->
</testng-results>
